<?xml version="1.0" encoding="UTF-8"?>
<!-- Generated by org.testng.reporters.JUnitReportReporter -->
<testsuite skipped="0" hostname="AVMACBOOKPROATON.local" name="webTests.DeleteaPlace" tests="1" failures="0" timestamp="27 Dec 2017 05:25:13 GMT" time="18.270" errors="0">
  <testcase name="removePlaceTest" time="18.270" classname="webTests.DeleteaPlace"/>
</testsuite> <!-- webTests.DeleteaPlace -->
