<?xml version="1.0" encoding="UTF-8"?>
<!-- Generated by org.testng.reporters.JUnitReportReporter -->
<testsuite skipped="0" hostname="AVMACBOOKPROATON.local" name="webTests.LoginWeb" tests="1" failures="0" timestamp="31 Dec 2017 01:12:23 GMT" time="37.828" errors="0">
  <testcase name="loginWebVZFL" time="37.828" classname="webTests.LoginWeb"/>
</testsuite> <!-- webTests.LoginWeb -->
