<?xml version="1.0" encoding="UTF-8"?>
<!-- Generated by org.testng.reporters.JUnitReportReporter -->
<testsuite skipped="0" hostname="AVMACBOOKPROATON.local" name="webTests.LoginWeb" tests="1" failures="0" timestamp="02 Jan 2018 02:10:07 GMT" time="23.310" errors="0">
  <testcase name="loginWebVZFL" time="23.310" classname="webTests.LoginWeb"/>
</testsuite> <!-- webTests.LoginWeb -->
